<?xml version="1.0" encoding="UTF-8"?>
<robot generator="Robot 7.0.1 (Python 3.10.11 on win32)" generated="2024-10-14T12:02:17.409683" rpa="false" schemaversion="5">
<suite id="s1" name="TC10" source="C:\Users\Asus\PycharmProjects\robortFramework_Practice\TestCases\TC10.robot">
<test id="s1-t1" name="NavigationTest" line="7">
<kw name="Open Browser" owner="SeleniumLibrary">
<msg time="2024-10-14T12:02:17.754118" level="INFO">Opening browser 'chrome' to base url 'https://www.google.com/'.</msg>
<arg>https://www.google.com/</arg>
<arg>chrome</arg>
<doc>Opens a new browser instance to the optional ``url``.</doc>
<status status="PASS" start="2024-10-14T12:02:17.754118" elapsed="3.414749"/>
</kw>
<kw name="Get Location" owner="SeleniumLibrary">
<msg time="2024-10-14T12:02:21.185311" level="INFO">${loc} = https://www.google.com/</msg>
<var>${loc}</var>
<doc>Returns the current browser window URL.</doc>
<status status="PASS" start="2024-10-14T12:02:21.168867" elapsed="0.016444"/>
</kw>
<kw name="Log To Console" owner="BuiltIn">
<arg>${loc}</arg>
<doc>Logs the given message to the console.</doc>
<status status="PASS" start="2024-10-14T12:02:21.185311" elapsed="0.000000"/>
</kw>
<kw name="Sleep" owner="BuiltIn">
<msg time="2024-10-14T12:02:24.206035" level="INFO">Slept 3 seconds.</msg>
<arg>3</arg>
<doc>Pauses the test executed for the given time.</doc>
<status status="PASS" start="2024-10-14T12:02:21.193336" elapsed="3.013156"/>
</kw>
<kw name="Go To" owner="SeleniumLibrary">
<msg time="2024-10-14T12:02:24.206492" level="INFO">Opening url 'https://www.bing.com/'</msg>
<arg>https://www.bing.com/</arg>
<doc>Navigates the current browser window to the provided ``url``.</doc>
<status status="PASS" start="2024-10-14T12:02:24.206492" elapsed="0.517986"/>
</kw>
<kw name="Get Location" owner="SeleniumLibrary">
<msg time="2024-10-14T12:02:24.736423" level="INFO">${loc} = https://www.bing.com/</msg>
<var>${loc}</var>
<doc>Returns the current browser window URL.</doc>
<status status="PASS" start="2024-10-14T12:02:24.724478" elapsed="0.011945"/>
</kw>
<kw name="Log To Console" owner="BuiltIn">
<arg>${loc}</arg>
<doc>Logs the given message to the console.</doc>
<status status="PASS" start="2024-10-14T12:02:24.736423" elapsed="0.008454"/>
</kw>
<kw name="Sleep" owner="BuiltIn">
<msg time="2024-10-14T12:02:27.747986" level="INFO">Slept 3 seconds.</msg>
<arg>3</arg>
<doc>Pauses the test executed for the given time.</doc>
<status status="PASS" start="2024-10-14T12:02:24.744877" elapsed="3.003109"/>
</kw>
<kw name="Go Back" owner="SeleniumLibrary">
<doc>Simulates the user clicking the back button on their browser.</doc>
<status status="PASS" start="2024-10-14T12:02:27.747986" elapsed="0.665135"/>
</kw>
<kw name="Get Location" owner="SeleniumLibrary">
<msg time="2024-10-14T12:02:28.430779" level="INFO">${loc} = https://www.google.com/</msg>
<var>${loc}</var>
<doc>Returns the current browser window URL.</doc>
<status status="PASS" start="2024-10-14T12:02:28.416893" elapsed="0.013886"/>
</kw>
<kw name="Log To Console" owner="BuiltIn">
<arg>${loc}</arg>
<doc>Logs the given message to the console.</doc>
<status status="PASS" start="2024-10-14T12:02:28.432293" elapsed="0.000000"/>
</kw>
<kw name="Sleep" owner="BuiltIn">
<msg time="2024-10-14T12:02:31.437772" level="INFO">Slept 3 seconds.</msg>
<arg>3</arg>
<doc>Pauses the test executed for the given time.</doc>
<status status="PASS" start="2024-10-14T12:02:28.432293" elapsed="3.005707"/>
</kw>
<kw name="Close Browser" owner="SeleniumLibrary">
<doc>Closes the current browser.</doc>
<status status="PASS" start="2024-10-14T12:02:31.438000" elapsed="2.298928"/>
</kw>
<status status="PASS" start="2024-10-14T12:02:17.754118" elapsed="15.982810"/>
</test>
<status status="PASS" start="2024-10-14T12:02:17.417941" elapsed="16.318987"/>
</suite>
<statistics>
<total>
<stat pass="1" fail="0" skip="0">All Tests</stat>
</total>
<tag>
</tag>
<suite>
<stat pass="1" fail="0" skip="0" id="s1" name="TC10">TC10</stat>
</suite>
</statistics>
<errors>
</errors>
</robot>
